[ 2370152ms] [WARNING] Detected `scroll-behavior: smooth` on the `<html>` element. In a future version, Next.js will no longer automatically disable smooth scrolling during route transitions. To prepare for this change, add `data-scroll-behavior="smooth"` to your <html> element. Learn more: https://nextjs.org/docs/messages/missing-data-scroll-behavior @ http://localhost:4000/_next/static/chunks/e0f71_next_dist_6f5a4e1e._.js:874
[ 2462583ms] [WARNING] [HMR] Invalid message: {"isTrusted":true}
TypeError: Cannot convert undefined or null to object
    at Object.keys (<anonymous>)
    at extractModulesFromTurbopackMessage (http://localhost:4000/_next/static/chunks/e0f71_next_dist_client_520f8ab5._.js:5717:39)
    at TurbopackHmr.onTurbopackMessage (http://localhost:4000/_next/static/chunks/e0f71_next_dist_client_520f8ab5._.js:5622:32)
    at processMessage (http://localhost:4000/_next/static/chunks/e0f71_next_dist_client_520f8ab5._.js:6020:30)
    at WebSocket.handler (http://localhost:4000/_next/static/chunks/e0f71_next_dist_client_520f8ab5._.js:6154:17) @ http://localhost:4000/_next/static/chunks/e0f71_next_dist_client_520f8ab5._.js:5344
[ 2465140ms] [WARNING] [HMR] Invalid message: {"isTrusted":true}
TypeError: Cannot convert undefined or null to object
    at Object.keys (<anonymous>)
    at extractModulesFromTurbopackMessage (http://localhost:4000/_next/static/chunks/e0f71_next_dist_client_520f8ab5._.js:5717:39)
    at TurbopackHmr.onTurbopackMessage (http://localhost:4000/_next/static/chunks/e0f71_next_dist_client_520f8ab5._.js:5622:32)
    at processMessage (http://localhost:4000/_next/static/chunks/e0f71_next_dist_client_520f8ab5._.js:6020:30)
    at WebSocket.handler (http://localhost:4000/_next/static/chunks/e0f71_next_dist_client_520f8ab5._.js:6154:17) @ http://localhost:4000/_next/static/chunks/e0f71_next_dist_client_520f8ab5._.js:5344
[ 2498179ms] [ERROR] IntlError: MISSING_MESSAGE: Could not resolve `Hero.rotate.word1` in messages for locale `en`.
    at getFallbackFromErrorAndNotify (http://localhost:4000/_next/static/chunks/node_modules__pnpm_0a0e49e7._.js:4202:23)
    at translateBaseFn (http://localhost:4000/_next/static/chunks/node_modules__pnpm_0a0e49e7._.js:4232:28)
    at translateFn (http://localhost:4000/_next/static/chunks/node_modules__pnpm_0a0e49e7._.js:4260:24)
    at Hero (http://localhost:4000/_next/static/chunks/src_b5bc6ce5._.js?id=%255Bproject%255D%252Fsrc%252Fcomponents%252Fhero.tsx+%255Bapp-client%255D+%2528ecmascript%2529:71:41)
    at Object.react_stack_bottom_frame (http://localhost:4000/_next/static/chunks/e0f71_next_dist_compiled_react-dom_62262b7e._.js:13014:24)
    at renderWithHooks (http://localhost:4000/_next/static/chunks/e0f71_next_dist_compiled_react-dom_62262b7e._.js:4064:24)
    at updateFunctionComponent (http://localhost:4000/_next/static/chunks/e0f71_next_dist_compiled_react-dom_62262b7e._.js:5428:21)
    at beginWork (http://localhost:4000/_next/static/chunks/e0f71_next_dist_compiled_react-dom_62262b7e._.js:6022:24)
    at runWithFiberInDEV (http://localhost:4000/_next/static/chunks/e0f71_next_dist_compiled_react-dom_62262b7e._.js:890:74)
    at performUnitOfWork (http://localhost:4000/_next/static/chunks/e0f71_next_dist_compiled_react-dom_62262b7e._.js:8236:97)
    at workLoopSync (http://localhost:4000/_next/static/chunks/e0f71_next_dist_compiled_react-dom_62262b7e._.js:8128:40)
    at renderRootSync (http://localhost:4000/_next/static/chunks/e0f71_next_dist_compiled_react-dom_62262b7e._.js:8111:13)
    at performWorkOnRoot (http://localhost:4000/_next/static/chunks/e0f71_next_dist_compiled_react-dom_62262b7e._.js:7846:212)
    at performSyncWorkOnRoot (http://localhost:4000/_next/static/chunks/e0f71_next_dist_compiled_react-dom_62262b7e._.js:8828:9)
    at flushSyncWorkAcrossRoots_impl (http://localhost:4000/_next/static/chunks/e0f71_next_dist_compiled_react-dom_62262b7e._.js:8747:316)
    at flushSyncWork$1 (http://localhost:4000/_next/static/chunks/e0f71_next_dist_compiled_react-dom_62262b7e._.js:7986:86)
    at Object.scheduleRefresh (http://localhost:4000/_next/static/chunks/e0f71_next_dist_compiled_react-dom_62262b7e._.js:301:13)
    at http://localhost:4000/_next/static/chunks/e0f71_next_dist_compiled_722cf5d0._.js:396:33
    at Set.forEach (<anonymous>)
    at Object.performReactRefresh (http://localhost:4000/_next/static/chunks/e0f71_next_dist_compiled_722cf5d0._.js:389:38)
    at applyUpdate (http://localhost:4000/_next/static/chunks/e0f71_next_dist_compiled_722cf5d0._.js:887:31)
    at http://localhost:4000/_next/static/chunks/e0f71_next_dist_compiled_722cf5d0._.js:895:13 @ http://localhost:4000/_next/static/chunks/e0f71_next_dist_6f5a4e1e._.js:2248
[ 2498187ms] [ERROR] IntlError: MISSING_MESSAGE: Could not resolve `Hero.rotate.word2` in messages for locale `en`.
    at getFallbackFromErrorAndNotify (http://localhost:4000/_next/static/chunks/node_modules__pnpm_0a0e49e7._.js:4202:23)
    at translateBaseFn (http://localhost:4000/_next/static/chunks/node_modules__pnpm_0a0e49e7._.js:4232:28)
    at translateFn (http://localhost:4000/_next/static/chunks/node_modules__pnpm_0a0e49e7._.js:4260:24)
    at Hero (http://localhost:4000/_next/static/chunks/src_b5bc6ce5._.js?id=%255Bproject%255D%252Fsrc%252Fcomponents%252Fhero.tsx+%255Bapp-client%255D+%2528ecmascript%2529:72:41)
    at Object.react_stack_bottom_frame (http://localhost:4000/_next/static/chunks/e0f71_next_dist_compiled_react-dom_62262b7e._.js:13014:24)
    at renderWithHooks (http://localhost:4000/_next/static/chunks/e0f71_next_dist_compiled_react-dom_62262b7e._.js:4064:24)
    at updateFunctionComponent (http://localhost:4000/_next/static/chunks/e0f71_next_dist_compiled_react-dom_62262b7e._.js:5428:21)
    at beginWork (http://localhost:4000/_next/static/chunks/e0f71_next_dist_compiled_react-dom_62262b7e._.js:6022:24)
    at runWithFiberInDEV (http://localhost:4000/_next/static/chunks/e0f71_next_dist_compiled_react-dom_62262b7e._.js:890:74)
    at performUnitOfWork (http://localhost:4000/_next/static/chunks/e0f71_next_dist_compiled_react-dom_62262b7e._.js:8236:97)
    at workLoopSync (http://localhost:4000/_next/static/chunks/e0f71_next_dist_compiled_react-dom_62262b7e._.js:8128:40)
    at renderRootSync (http://localhost:4000/_next/static/chunks/e0f71_next_dist_compiled_react-dom_62262b7e._.js:8111:13)
    at performWorkOnRoot (http://localhost:4000/_next/static/chunks/e0f71_next_dist_compiled_react-dom_62262b7e._.js:7846:212)
    at performSyncWorkOnRoot (http://localhost:4000/_next/static/chunks/e0f71_next_dist_compiled_react-dom_62262b7e._.js:8828:9)
    at flushSyncWorkAcrossRoots_impl (http://localhost:4000/_next/static/chunks/e0f71_next_dist_compiled_react-dom_62262b7e._.js:8747:316)
    at flushSyncWork$1 (http://localhost:4000/_next/static/chunks/e0f71_next_dist_compiled_react-dom_62262b7e._.js:7986:86)
    at Object.scheduleRefresh (http://localhost:4000/_next/static/chunks/e0f71_next_dist_compiled_react-dom_62262b7e._.js:301:13)
    at http://localhost:4000/_next/static/chunks/e0f71_next_dist_compiled_722cf5d0._.js:396:33
    at Set.forEach (<anonymous>)
    at Object.performReactRefresh (http://localhost:4000/_next/static/chunks/e0f71_next_dist_compiled_722cf5d0._.js:389:38)
    at applyUpdate (http://localhost:4000/_next/static/chunks/e0f71_next_dist_compiled_722cf5d0._.js:887:31)
    at http://localhost:4000/_next/static/chunks/e0f71_next_dist_compiled_722cf5d0._.js:895:13 @ http://localhost:4000/_next/static/chunks/e0f71_next_dist_6f5a4e1e._.js:2248
[ 2498187ms] [ERROR] IntlError: MISSING_MESSAGE: Could not resolve `Hero.rotate.word3` in messages for locale `en`.
    at getFallbackFromErrorAndNotify (http://localhost:4000/_next/static/chunks/node_modules__pnpm_0a0e49e7._.js:4202:23)
    at translateBaseFn (http://localhost:4000/_next/static/chunks/node_modules__pnpm_0a0e49e7._.js:4232:28)
    at translateFn (http://localhost:4000/_next/static/chunks/node_modules__pnpm_0a0e49e7._.js:4260:24)
    at Hero (http://localhost:4000/_next/static/chunks/src_b5bc6ce5._.js?id=%255Bproject%255D%252Fsrc%252Fcomponents%252Fhero.tsx+%255Bapp-client%255D+%2528ecmascript%2529:73:41)
    at Object.react_stack_bottom_frame (http://localhost:4000/_next/static/chunks/e0f71_next_dist_compiled_react-dom_62262b7e._.js:13014:24)
    at renderWithHooks (http://localhost:4000/_next/static/chunks/e0f71_next_dist_compiled_react-dom_62262b7e._.js:4064:24)
    at updateFunctionComponent (http://localhost:4000/_next/static/chunks/e0f71_next_dist_compiled_react-dom_62262b7e._.js:5428:21)
    at beginWork (http://localhost:4000/_next/static/chunks/e0f71_next_dist_compiled_react-dom_62262b7e._.js:6022:24)
    at runWithFiberInDEV (http://localhost:4000/_next/static/chunks/e0f71_next_dist_compiled_react-dom_62262b7e._.js:890:74)
    at performUnitOfWork (http://localhost:4000/_next/static/chunks/e0f71_next_dist_compiled_react-dom_62262b7e._.js:8236:97)
    at workLoopSync (http://localhost:4000/_next/static/chunks/e0f71_next_dist_compiled_react-dom_62262b7e._.js:8128:40)
    at renderRootSync (http://localhost:4000/_next/static/chunks/e0f71_next_dist_compiled_react-dom_62262b7e._.js:8111:13)
    at performWorkOnRoot (http://localhost:4000/_next/static/chunks/e0f71_next_dist_compiled_react-dom_62262b7e._.js:7846:212)
    at performSyncWorkOnRoot (http://localhost:4000/_next/static/chunks/e0f71_next_dist_compiled_react-dom_62262b7e._.js:8828:9)
    at flushSyncWorkAcrossRoots_impl (http://localhost:4000/_next/static/chunks/e0f71_next_dist_compiled_react-dom_62262b7e._.js:8747:316)
    at flushSyncWork$1 (http://localhost:4000/_next/static/chunks/e0f71_next_dist_compiled_react-dom_62262b7e._.js:7986:86)
    at Object.scheduleRefresh (http://localhost:4000/_next/static/chunks/e0f71_next_dist_compiled_react-dom_62262b7e._.js:301:13)
    at http://localhost:4000/_next/static/chunks/e0f71_next_dist_compiled_722cf5d0._.js:396:33
    at Set.forEach (<anonymous>)
    at Object.performReactRefresh (http://localhost:4000/_next/static/chunks/e0f71_next_dist_compiled_722cf5d0._.js:389:38)
    at applyUpdate (http://localhost:4000/_next/static/chunks/e0f71_next_dist_compiled_722cf5d0._.js:887:31)
    at http://localhost:4000/_next/static/chunks/e0f71_next_dist_compiled_722cf5d0._.js:895:13 @ http://localhost:4000/_next/static/chunks/e0f71_next_dist_6f5a4e1e._.js:2248
[ 2498188ms] [ERROR] IntlError: MISSING_MESSAGE: Could not resolve `Hero.rotate.word1` in messages for locale `en`.
    at getFallbackFromErrorAndNotify (http://localhost:4000/_next/static/chunks/node_modules__pnpm_0a0e49e7._.js:4202:23)
    at translateBaseFn (http://localhost:4000/_next/static/chunks/node_modules__pnpm_0a0e49e7._.js:4232:28)
    at translateFn (http://localhost:4000/_next/static/chunks/node_modules__pnpm_0a0e49e7._.js:4260:24)
    at Hero (http://localhost:4000/_next/static/chunks/src_b5bc6ce5._.js?id=%255Bproject%255D%252Fsrc%252Fcomponents%252Fhero.tsx+%255Bapp-client%255D+%2528ecmascript%2529:71:41)
    at Object.react_stack_bottom_frame (http://localhost:4000/_next/static/chunks/e0f71_next_dist_compiled_react-dom_62262b7e._.js:13014:24)
    at renderWithHooksAgain (http://localhost:4000/_next/static/chunks/e0f71_next_dist_compiled_react-dom_62262b7e._.js:4119:24)
    at renderWithHooks (http://localhost:4000/_next/static/chunks/e0f71_next_dist_compiled_react-dom_62262b7e._.js:4070:28)
    at updateFunctionComponent (http://localhost:4000/_next/static/chunks/e0f71_next_dist_compiled_react-dom_62262b7e._.js:5428:21)
    at beginWork (http://localhost:4000/_next/static/chunks/e0f71_next_dist_compiled_react-dom_62262b7e._.js:6022:24)
    at runWithFiberInDEV (http://localhost:4000/_next/static/chunks/e0f71_next_dist_compiled_react-dom_62262b7e._.js:890:74)
    at performUnitOfWork (http://localhost:4000/_next/static/chunks/e0f71_next_dist_compiled_react-dom_62262b7e._.js:8236:97)
    at workLoopSync (http://localhost:4000/_next/static/chunks/e0f71_next_dist_compiled_react-dom_62262b7e._.js:8128:40)
    at renderRootSync (http://localhost:4000/_next/static/chunks/e0f71_next_dist_compiled_react-dom_62262b7e._.js:8111:13)
    at performWorkOnRoot (http://localhost:4000/_next/static/chunks/e0f71_next_dist_compiled_react-dom_62262b7e._.js:7846:212)
    at performSyncWorkOnRoot (http://localhost:4000/_next/static/chunks/e0f71_next_dist_compiled_react-dom_62262b7e._.js:8828:9)
    at flushSyncWorkAcrossRoots_impl (http://localhost:4000/_next/static/chunks/e0f71_next_dist_compiled_react-dom_62262b7e._.js:8747:316)
    at flushSyncWork$1 (http://localhost:4000/_next/static/chunks/e0f71_next_dist_compiled_react-dom_62262b7e._.js:7986:86)
    at Object.scheduleRefresh (http://localhost:4000/_next/static/chunks/e0f71_next_dist_compiled_react-dom_62262b7e._.js:301:13)
    at http://localhost:4000/_next/static/chunks/e0f71_next_dist_compiled_722cf5d0._.js:396:33
    at Set.forEach (<anonymous>)
    at Object.performReactRefresh (http://localhost:4000/_next/static/chunks/e0f71_next_dist_compiled_722cf5d0._.js:389:38)
    at applyUpdate (http://localhost:4000/_next/static/chunks/e0f71_next_dist_compiled_722cf5d0._.js:887:31)
    at http://localhost:4000/_next/static/chunks/e0f71_next_dist_compiled_722cf5d0._.js:895:13 @ http://localhost:4000/_next/static/chunks/e0f71_next_dist_6f5a4e1e._.js:2248
[ 2498188ms] [ERROR] IntlError: MISSING_MESSAGE: Could not resolve `Hero.rotate.word2` in messages for locale `en`.
    at getFallbackFromErrorAndNotify (http://localhost:4000/_next/static/chunks/node_modules__pnpm_0a0e49e7._.js:4202:23)
    at translateBaseFn (http://localhost:4000/_next/static/chunks/node_modules__pnpm_0a0e49e7._.js:4232:28)
    at translateFn (http://localhost:4000/_next/static/chunks/node_modules__pnpm_0a0e49e7._.js:4260:24)
    at Hero (http://localhost:4000/_next/static/chunks/src_b5bc6ce5._.js?id=%255Bproject%255D%252Fsrc%252Fcomponents%252Fhero.tsx+%255Bapp-client%255D+%2528ecmascript%2529:72:41)
    at Object.react_stack_bottom_frame (http://localhost:4000/_next/static/chunks/e0f71_next_dist_compiled_react-dom_62262b7e._.js:13014:24)
    at renderWithHooksAgain (http://localhost:4000/_next/static/chunks/e0f71_next_dist_compiled_react-dom_62262b7e._.js:4119:24)
    at renderWithHooks (http://localhost:4000/_next/static/chunks/e0f71_next_dist_compiled_react-dom_62262b7e._.js:4070:28)
    at updateFunctionComponent (http://localhost:4000/_next/static/chunks/e0f71_next_dist_compiled_react-dom_62262b7e._.js:5428:21)
    at beginWork (http://localhost:4000/_next/static/chunks/e0f71_next_dist_compiled_react-dom_62262b7e._.js:6022:24)
    at runWithFiberInDEV (http://localhost:4000/_next/static/chunks/e0f71_next_dist_compiled_react-dom_62262b7e._.js:890:74)
    at performUnitOfWork (http://localhost:4000/_next/static/chunks/e0f71_next_dist_compiled_react-dom_62262b7e._.js:8236:97)
    at workLoopSync (http://localhost:4000/_next/static/chunks/e0f71_next_dist_compiled_react-dom_62262b7e._.js:8128:40)
    at renderRootSync (http://localhost:4000/_next/static/chunks/e0f71_next_dist_compiled_react-dom_62262b7e._.js:8111:13)
    at performWorkOnRoot (http://localhost:4000/_next/static/chunks/e0f71_next_dist_compiled_react-dom_62262b7e._.js:7846:212)
    at performSyncWorkOnRoot (http://localhost:4000/_next/static/chunks/e0f71_next_dist_compiled_react-dom_62262b7e._.js:8828:9)
    at flushSyncWorkAcrossRoots_impl (http://localhost:4000/_next/static/chunks/e0f71_next_dist_compiled_react-dom_62262b7e._.js:8747:316)
    at flushSyncWork$1 (http://localhost:4000/_next/static/chunks/e0f71_next_dist_compiled_react-dom_62262b7e._.js:7986:86)
    at Object.scheduleRefresh (http://localhost:4000/_next/static/chunks/e0f71_next_dist_compiled_react-dom_62262b7e._.js:301:13)
    at http://localhost:4000/_next/static/chunks/e0f71_next_dist_compiled_722cf5d0._.js:396:33
    at Set.forEach (<anonymous>)
    at Object.performReactRefresh (http://localhost:4000/_next/static/chunks/e0f71_next_dist_compiled_722cf5d0._.js:389:38)
    at applyUpdate (http://localhost:4000/_next/static/chunks/e0f71_next_dist_compiled_722cf5d0._.js:887:31)
    at http://localhost:4000/_next/static/chunks/e0f71_next_dist_compiled_722cf5d0._.js:895:13 @ http://localhost:4000/_next/static/chunks/e0f71_next_dist_6f5a4e1e._.js:2248
[ 2498188ms] [ERROR] IntlError: MISSING_MESSAGE: Could not resolve `Hero.rotate.word3` in messages for locale `en`.
    at getFallbackFromErrorAndNotify (http://localhost:4000/_next/static/chunks/node_modules__pnpm_0a0e49e7._.js:4202:23)
    at translateBaseFn (http://localhost:4000/_next/static/chunks/node_modules__pnpm_0a0e49e7._.js:4232:28)
    at translateFn (http://localhost:4000/_next/static/chunks/node_modules__pnpm_0a0e49e7._.js:4260:24)
    at Hero (http://localhost:4000/_next/static/chunks/src_b5bc6ce5._.js?id=%255Bproject%255D%252Fsrc%252Fcomponents%252Fhero.tsx+%255Bapp-client%255D+%2528ecmascript%2529:73:41)
    at Object.react_stack_bottom_frame (http://localhost:4000/_next/static/chunks/e0f71_next_dist_compiled_react-dom_62262b7e._.js:13014:24)
    at renderWithHooksAgain (http://localhost:4000/_next/static/chunks/e0f71_next_dist_compiled_react-dom_62262b7e._.js:4119:24)
    at renderWithHooks (http://localhost:4000/_next/static/chunks/e0f71_next_dist_compiled_react-dom_62262b7e._.js:4070:28)
    at updateFunctionComponent (http://localhost:4000/_next/static/chunks/e0f71_next_dist_compiled_react-dom_62262b7e._.js:5428:21)
    at beginWork (http://localhost:4000/_next/static/chunks/e0f71_next_dist_compiled_react-dom_62262b7e._.js:6022:24)
    at runWithFiberInDEV (http://localhost:4000/_next/static/chunks/e0f71_next_dist_compiled_react-dom_62262b7e._.js:890:74)
    at performUnitOfWork (http://localhost:4000/_next/static/chunks/e0f71_next_dist_compiled_react-dom_62262b7e._.js:8236:97)
    at workLoopSync (http://localhost:4000/_next/static/chunks/e0f71_next_dist_compiled_react-dom_62262b7e._.js:8128:40)
    at renderRootSync (http://localhost:4000/_next/static/chunks/e0f71_next_dist_compiled_react-dom_62262b7e._.js:8111:13)
    at performWorkOnRoot (http://localhost:4000/_next/static/chunks/e0f71_next_dist_compiled_react-dom_62262b7e._.js:7846:212)
    at performSyncWorkOnRoot (http://localhost:4000/_next/static/chunks/e0f71_next_dist_compiled_react-dom_62262b7e._.js:8828:9)
    at flushSyncWorkAcrossRoots_impl (http://localhost:4000/_next/static/chunks/e0f71_next_dist_compiled_react-dom_62262b7e._.js:8747:316)
    at flushSyncWork$1 (http://localhost:4000/_next/static/chunks/e0f71_next_dist_compiled_react-dom_62262b7e._.js:7986:86)
    at Object.scheduleRefresh (http://localhost:4000/_next/static/chunks/e0f71_next_dist_compiled_react-dom_62262b7e._.js:301:13)
    at http://localhost:4000/_next/static/chunks/e0f71_next_dist_compiled_722cf5d0._.js:396:33
    at Set.forEach (<anonymous>)
    at Object.performReactRefresh (http://localhost:4000/_next/static/chunks/e0f71_next_dist_compiled_722cf5d0._.js:389:38)
    at applyUpdate (http://localhost:4000/_next/static/chunks/e0f71_next_dist_compiled_722cf5d0._.js:887:31)
    at http://localhost:4000/_next/static/chunks/e0f71_next_dist_compiled_722cf5d0._.js:895:13 @ http://localhost:4000/_next/static/chunks/e0f71_next_dist_6f5a4e1e._.js:2248
[ 2499600ms] [ERROR] IntlError: MISSING_MESSAGE: Could not resolve `Hero.rotate.word1` in messages for locale `en`.
    at getFallbackFromErrorAndNotify (http://localhost:4000/_next/static/chunks/node_modules__pnpm_0a0e49e7._.js:4202:23)
    at translateBaseFn (http://localhost:4000/_next/static/chunks/node_modules__pnpm_0a0e49e7._.js:4232:28)
    at translateFn (http://localhost:4000/_next/static/chunks/node_modules__pnpm_0a0e49e7._.js:4260:24)
    at Hero (http://localhost:4000/_next/static/chunks/src_b5bc6ce5._.js?id=%255Bproject%255D%252Fsrc%252Fcomponents%252Fhero.tsx+%255Bapp-client%255D+%2528ecmascript%2529:71:41)
    at Object.react_stack_bottom_frame (http://localhost:4000/_next/static/chunks/e0f71_next_dist_compiled_react-dom_62262b7e._.js:13014:24)
    at renderWithHooks (http://localhost:4000/_next/static/chunks/e0f71_next_dist_compiled_react-dom_62262b7e._.js:4064:24)
    at updateFunctionComponent (http://localhost:4000/_next/static/chunks/e0f71_next_dist_compiled_react-dom_62262b7e._.js:5428:21)
    at beginWork (http://localhost:4000/_next/static/chunks/e0f71_next_dist_compiled_react-dom_62262b7e._.js:6022:24)
    at runWithFiberInDEV (http://localhost:4000/_next/static/chunks/e0f71_next_dist_compiled_react-dom_62262b7e._.js:890:74)
    at performUnitOfWork (http://localhost:4000/_next/static/chunks/e0f71_next_dist_compiled_react-dom_62262b7e._.js:8236:97)
    at workLoopConcurrentByScheduler (http://localhost:4000/_next/static/chunks/e0f71_next_dist_compiled_react-dom_62262b7e._.js:8232:58)
    at renderRootConcurrent (http://localhost:4000/_next/static/chunks/e0f71_next_dist_compiled_react-dom_62262b7e._.js:8214:71)
    at performWorkOnRoot (http://localhost:4000/_next/static/chunks/e0f71_next_dist_compiled_react-dom_62262b7e._.js:7846:176)
    at performWorkOnRootViaSchedulerTask (http://localhost:4000/_next/static/chunks/e0f71_next_dist_compiled_react-dom_62262b7e._.js:8820:9)
    at MessagePort.performWorkUntilDeadline (http://localhost:4000/_next/static/chunks/e0f71_next_dist_compiled_722cf5d0._.js:2588:64) @ http://localhost:4000/_next/static/chunks/e0f71_next_dist_6f5a4e1e._.js:2248
[ 2499601ms] [ERROR] IntlError: MISSING_MESSAGE: Could not resolve `Hero.rotate.word2` in messages for locale `en`.
    at getFallbackFromErrorAndNotify (http://localhost:4000/_next/static/chunks/node_modules__pnpm_0a0e49e7._.js:4202:23)
    at translateBaseFn (http://localhost:4000/_next/static/chunks/node_modules__pnpm_0a0e49e7._.js:4232:28)
    at translateFn (http://localhost:4000/_next/static/chunks/node_modules__pnpm_0a0e49e7._.js:4260:24)
    at Hero (http://localhost:4000/_next/static/chunks/src_b5bc6ce5._.js?id=%255Bproject%255D%252Fsrc%252Fcomponents%252Fhero.tsx+%255Bapp-client%255D+%2528ecmascript%2529:72:41)
    at Object.react_stack_bottom_frame (http://localhost:4000/_next/static/chunks/e0f71_next_dist_compiled_react-dom_62262b7e._.js:13014:24)
    at renderWithHooks (http://localhost:4000/_next/static/chunks/e0f71_next_dist_compiled_react-dom_62262b7e._.js:4064:24)
    at updateFunctionComponent (http://localhost:4000/_next/static/chunks/e0f71_next_dist_compiled_react-dom_62262b7e._.js:5428:21)
    at beginWork (http://localhost:4000/_next/static/chunks/e0f71_next_dist_compiled_react-dom_62262b7e._.js:6022:24)
    at runWithFiberInDEV (http://localhost:4000/_next/static/chunks/e0f71_next_dist_compiled_react-dom_62262b7e._.js:890:74)
    at performUnitOfWork (http://localhost:4000/_next/static/chunks/e0f71_next_dist_compiled_react-dom_62262b7e._.js:8236:97)
    at workLoopConcurrentByScheduler (http://localhost:4000/_next/static/chunks/e0f71_next_dist_compiled_react-dom_62262b7e._.js:8232:58)
    at renderRootConcurrent (http://localhost:4000/_next/static/chunks/e0f71_next_dist_compiled_react-dom_62262b7e._.js:8214:71)
    at performWorkOnRoot (http://localhost:4000/_next/static/chunks/e0f71_next_dist_compiled_react-dom_62262b7e._.js:7846:176)
    at performWorkOnRootViaSchedulerTask (http://localhost:4000/_next/static/chunks/e0f71_next_dist_compiled_react-dom_62262b7e._.js:8820:9)
    at MessagePort.performWorkUntilDeadline (http://localhost:4000/_next/static/chunks/e0f71_next_dist_compiled_722cf5d0._.js:2588:64) @ http://localhost:4000/_next/static/chunks/e0f71_next_dist_6f5a4e1e._.js:2248
[ 2499601ms] [ERROR] IntlError: MISSING_MESSAGE: Could not resolve `Hero.rotate.word3` in messages for locale `en`.
    at getFallbackFromErrorAndNotify (http://localhost:4000/_next/static/chunks/node_modules__pnpm_0a0e49e7._.js:4202:23)
    at translateBaseFn (http://localhost:4000/_next/static/chunks/node_modules__pnpm_0a0e49e7._.js:4232:28)
    at translateFn (http://localhost:4000/_next/static/chunks/node_modules__pnpm_0a0e49e7._.js:4260:24)
    at Hero (http://localhost:4000/_next/static/chunks/src_b5bc6ce5._.js?id=%255Bproject%255D%252Fsrc%252Fcomponents%252Fhero.tsx+%255Bapp-client%255D+%2528ecmascript%2529:73:41)
    at Object.react_stack_bottom_frame (http://localhost:4000/_next/static/chunks/e0f71_next_dist_compiled_react-dom_62262b7e._.js:13014:24)
    at renderWithHooks (http://localhost:4000/_next/static/chunks/e0f71_next_dist_compiled_react-dom_62262b7e._.js:4064:24)
    at updateFunctionComponent (http://localhost:4000/_next/static/chunks/e0f71_next_dist_compiled_react-dom_62262b7e._.js:5428:21)
    at beginWork (http://localhost:4000/_next/static/chunks/e0f71_next_dist_compiled_react-dom_62262b7e._.js:6022:24)
    at runWithFiberInDEV (http://localhost:4000/_next/static/chunks/e0f71_next_dist_compiled_react-dom_62262b7e._.js:890:74)
    at performUnitOfWork (http://localhost:4000/_next/static/chunks/e0f71_next_dist_compiled_react-dom_62262b7e._.js:8236:97)
    at workLoopConcurrentByScheduler (http://localhost:4000/_next/static/chunks/e0f71_next_dist_compiled_react-dom_62262b7e._.js:8232:58)
    at renderRootConcurrent (http://localhost:4000/_next/static/chunks/e0f71_next_dist_compiled_react-dom_62262b7e._.js:8214:71)
    at performWorkOnRoot (http://localhost:4000/_next/static/chunks/e0f71_next_dist_compiled_react-dom_62262b7e._.js:7846:176)
    at performWorkOnRootViaSchedulerTask (http://localhost:4000/_next/static/chunks/e0f71_next_dist_compiled_react-dom_62262b7e._.js:8820:9)
    at MessagePort.performWorkUntilDeadline (http://localhost:4000/_next/static/chunks/e0f71_next_dist_compiled_722cf5d0._.js:2588:64) @ http://localhost:4000/_next/static/chunks/e0f71_next_dist_6f5a4e1e._.js:2248
[ 2499601ms] [ERROR] IntlError: MISSING_MESSAGE: Could not resolve `Hero.rotate.word1` in messages for locale `en`.
    at getFallbackFromErrorAndNotify (http://localhost:4000/_next/static/chunks/node_modules__pnpm_0a0e49e7._.js:4202:23)
    at translateBaseFn (http://localhost:4000/_next/static/chunks/node_modules__pnpm_0a0e49e7._.js:4232:28)
    at translateFn (http://localhost:4000/_next/static/chunks/node_modules__pnpm_0a0e49e7._.js:4260:24)
    at Hero (http://localhost:4000/_next/static/chunks/src_b5bc6ce5._.js?id=%255Bproject%255D%252Fsrc%252Fcomponents%252Fhero.tsx+%255Bapp-client%255D+%2528ecmascript%2529:71:41)
    at Object.react_stack_bottom_frame (http://localhost:4000/_next/static/chunks/e0f71_next_dist_compiled_react-dom_62262b7e._.js:13014:24)
    at renderWithHooksAgain (http://localhost:4000/_next/static/chunks/e0f71_next_dist_compiled_react-dom_62262b7e._.js:4119:24)
    at renderWithHooks (http://localhost:4000/_next/static/chunks/e0f71_next_dist_compiled_react-dom_62262b7e._.js:4070:28)
    at updateFunctionComponent (http://localhost:4000/_next/static/chunks/e0f71_next_dist_compiled_react-dom_62262b7e._.js:5428:21)
    at beginWork (http://localhost:4000/_next/static/chunks/e0f71_next_dist_compiled_react-dom_62262b7e._.js:6022:24)
    at runWithFiberInDEV (http://localhost:4000/_next/static/chunks/e0f71_next_dist_compiled_react-dom_62262b7e._.js:890:74)
    at performUnitOfWork (http://localhost:4000/_next/static/chunks/e0f71_next_dist_compiled_react-dom_62262b7e._.js:8236:97)
    at workLoopConcurrentByScheduler (http://localhost:4000/_next/static/chunks/e0f71_next_dist_compiled_react-dom_62262b7e._.js:8232:58)
    at renderRootConcurrent (http://localhost:4000/_next/static/chunks/e0f71_next_dist_compiled_react-dom_62262b7e._.js:8214:71)
    at performWorkOnRoot (http://localhost:4000/_next/static/chunks/e0f71_next_dist_compiled_react-dom_62262b7e._.js:7846:176)
    at performWorkOnRootViaSchedulerTask (http://localhost:4000/_next/static/chunks/e0f71_next_dist_compiled_react-dom_62262b7e._.js:8820:9)
    at MessagePort.performWorkUntilDeadline (http://localhost:4000/_next/static/chunks/e0f71_next_dist_compiled_722cf5d0._.js:2588:64) @ http://localhost:4000/_next/static/chunks/e0f71_next_dist_6f5a4e1e._.js:2248
[ 2499601ms] [ERROR] IntlError: MISSING_MESSAGE: Could not resolve `Hero.rotate.word2` in messages for locale `en`.
    at getFallbackFromErrorAndNotify (http://localhost:4000/_next/static/chunks/node_modules__pnpm_0a0e49e7._.js:4202:23)
    at translateBaseFn (http://localhost:4000/_next/static/chunks/node_modules__pnpm_0a0e49e7._.js:4232:28)
    at translateFn (http://localhost:4000/_next/static/chunks/node_modules__pnpm_0a0e49e7._.js:4260:24)
    at Hero (http://localhost:4000/_next/static/chunks/src_b5bc6ce5._.js?id=%255Bproject%255D%252Fsrc%252Fcomponents%252Fhero.tsx+%255Bapp-client%255D+%2528ecmascript%2529:72:41)
    at Object.react_stack_bottom_frame (http://localhost:4000/_next/static/chunks/e0f71_next_dist_compiled_react-dom_62262b7e._.js:13014:24)
    at renderWithHooksAgain (http://localhost:4000/_next/static/chunks/e0f71_next_dist_compiled_react-dom_62262b7e._.js:4119:24)
    at renderWithHooks (http://localhost:4000/_next/static/chunks/e0f71_next_dist_compiled_react-dom_62262b7e._.js:4070:28)
    at updateFunctionComponent (http://localhost:4000/_next/static/chunks/e0f71_next_dist_compiled_react-dom_62262b7e._.js:5428:21)
    at beginWork (http://localhost:4000/_next/static/chunks/e0f71_next_dist_compiled_react-dom_62262b7e._.js:6022:24)
    at runWithFiberInDEV (http://localhost:4000/_next/static/chunks/e0f71_next_dist_compiled_react-dom_62262b7e._.js:890:74)
    at performUnitOfWork (http://localhost:4000/_next/static/chunks/e0f71_next_dist_compiled_react-dom_62262b7e._.js:8236:97)
    at workLoopConcurrentByScheduler (http://localhost:4000/_next/static/chunks/e0f71_next_dist_compiled_react-dom_62262b7e._.js:8232:58)
    at renderRootConcurrent (http://localhost:4000/_next/static/chunks/e0f71_next_dist_compiled_react-dom_62262b7e._.js:8214:71)
    at performWorkOnRoot (http://localhost:4000/_next/static/chunks/e0f71_next_dist_compiled_react-dom_62262b7e._.js:7846:176)
    at performWorkOnRootViaSchedulerTask (http://localhost:4000/_next/static/chunks/e0f71_next_dist_compiled_react-dom_62262b7e._.js:8820:9)
    at MessagePort.performWorkUntilDeadline (http://localhost:4000/_next/static/chunks/e0f71_next_dist_compiled_722cf5d0._.js:2588:64) @ http://localhost:4000/_next/static/chunks/e0f71_next_dist_6f5a4e1e._.js:2248
[ 2499602ms] [ERROR] IntlError: MISSING_MESSAGE: Could not resolve `Hero.rotate.word3` in messages for locale `en`.
    at getFallbackFromErrorAndNotify (http://localhost:4000/_next/static/chunks/node_modules__pnpm_0a0e49e7._.js:4202:23)
    at translateBaseFn (http://localhost:4000/_next/static/chunks/node_modules__pnpm_0a0e49e7._.js:4232:28)
    at translateFn (http://localhost:4000/_next/static/chunks/node_modules__pnpm_0a0e49e7._.js:4260:24)
    at Hero (http://localhost:4000/_next/static/chunks/src_b5bc6ce5._.js?id=%255Bproject%255D%252Fsrc%252Fcomponents%252Fhero.tsx+%255Bapp-client%255D+%2528ecmascript%2529:73:41)
    at Object.react_stack_bottom_frame (http://localhost:4000/_next/static/chunks/e0f71_next_dist_compiled_react-dom_62262b7e._.js:13014:24)
    at renderWithHooksAgain (http://localhost:4000/_next/static/chunks/e0f71_next_dist_compiled_react-dom_62262b7e._.js:4119:24)
    at renderWithHooks (http://localhost:4000/_next/static/chunks/e0f71_next_dist_compiled_react-dom_62262b7e._.js:4070:28)
    at updateFunctionComponent (http://localhost:4000/_next/static/chunks/e0f71_next_dist_compiled_react-dom_62262b7e._.js:5428:21)
    at beginWork (http://localhost:4000/_next/static/chunks/e0f71_next_dist_compiled_react-dom_62262b7e._.js:6022:24)
    at runWithFiberInDEV (http://localhost:4000/_next/static/chunks/e0f71_next_dist_compiled_react-dom_62262b7e._.js:890:74)
    at performUnitOfWork (http://localhost:4000/_next/static/chunks/e0f71_next_dist_compiled_react-dom_62262b7e._.js:8236:97)
    at workLoopConcurrentByScheduler (http://localhost:4000/_next/static/chunks/e0f71_next_dist_compiled_react-dom_62262b7e._.js:8232:58)
    at renderRootConcurrent (http://localhost:4000/_next/static/chunks/e0f71_next_dist_compiled_react-dom_62262b7e._.js:8214:71)
    at performWorkOnRoot (http://localhost:4000/_next/static/chunks/e0f71_next_dist_compiled_react-dom_62262b7e._.js:7846:176)
    at performWorkOnRootViaSchedulerTask (http://localhost:4000/_next/static/chunks/e0f71_next_dist_compiled_react-dom_62262b7e._.js:8820:9)
    at MessagePort.performWorkUntilDeadline (http://localhost:4000/_next/static/chunks/e0f71_next_dist_compiled_722cf5d0._.js:2588:64) @ http://localhost:4000/_next/static/chunks/e0f71_next_dist_6f5a4e1e._.js:2248
[ 2509309ms] [ERROR] IntlError: MISSING_MESSAGE: Could not resolve `Stats.response` in messages for locale `en`.
    at getFallbackFromErrorAndNotify (http://localhost:4000/_next/static/chunks/node_modules__pnpm_0a0e49e7._.js:4202:23)
    at translateBaseFn (http://localhost:4000/_next/static/chunks/node_modules__pnpm_0a0e49e7._.js:4232:28)
    at translateFn (http://localhost:4000/_next/static/chunks/node_modules__pnpm_0a0e49e7._.js:4260:24)
    at Stats (http://localhost:4000/_next/static/chunks/src_acde496b._.js:1230:20)
    at Object.react_stack_bottom_frame (http://localhost:4000/_next/static/chunks/e0f71_next_dist_compiled_react-dom_62262b7e._.js:13014:24)
    at renderWithHooks (http://localhost:4000/_next/static/chunks/e0f71_next_dist_compiled_react-dom_62262b7e._.js:4064:24)
    at updateFunctionComponent (http://localhost:4000/_next/static/chunks/e0f71_next_dist_compiled_react-dom_62262b7e._.js:5428:21)
    at beginWork (http://localhost:4000/_next/static/chunks/e0f71_next_dist_compiled_react-dom_62262b7e._.js:6022:24)
    at runWithFiberInDEV (http://localhost:4000/_next/static/chunks/e0f71_next_dist_compiled_react-dom_62262b7e._.js:890:74)
    at performUnitOfWork (http://localhost:4000/_next/static/chunks/e0f71_next_dist_compiled_react-dom_62262b7e._.js:8236:97)
    at workLoopConcurrentByScheduler (http://localhost:4000/_next/static/chunks/e0f71_next_dist_compiled_react-dom_62262b7e._.js:8232:58)
    at renderRootConcurrent (http://localhost:4000/_next/static/chunks/e0f71_next_dist_compiled_react-dom_62262b7e._.js:8214:71)
    at performWorkOnRoot (http://localhost:4000/_next/static/chunks/e0f71_next_dist_compiled_react-dom_62262b7e._.js:7846:176)
    at performWorkOnRootViaSchedulerTask (http://localhost:4000/_next/static/chunks/e0f71_next_dist_compiled_react-dom_62262b7e._.js:8820:9)
    at MessagePort.performWorkUntilDeadline (http://localhost:4000/_next/static/chunks/e0f71_next_dist_compiled_722cf5d0._.js:2588:64) @ http://localhost:4000/_next/static/chunks/e0f71_next_dist_6f5a4e1e._.js:2248
[ 2509310ms] [ERROR] IntlError: MISSING_MESSAGE: Could not resolve `Stats.focus` in messages for locale `en`.
    at getFallbackFromErrorAndNotify (http://localhost:4000/_next/static/chunks/node_modules__pnpm_0a0e49e7._.js:4202:23)
    at translateBaseFn (http://localhost:4000/_next/static/chunks/node_modules__pnpm_0a0e49e7._.js:4232:28)
    at translateFn (http://localhost:4000/_next/static/chunks/node_modules__pnpm_0a0e49e7._.js:4260:24)
    at Stats (http://localhost:4000/_next/static/chunks/src_acde496b._.js:1235:20)
    at Object.react_stack_bottom_frame (http://localhost:4000/_next/static/chunks/e0f71_next_dist_compiled_react-dom_62262b7e._.js:13014:24)
    at renderWithHooks (http://localhost:4000/_next/static/chunks/e0f71_next_dist_compiled_react-dom_62262b7e._.js:4064:24)
    at updateFunctionComponent (http://localhost:4000/_next/static/chunks/e0f71_next_dist_compiled_react-dom_62262b7e._.js:5428:21)
    at beginWork (http://localhost:4000/_next/static/chunks/e0f71_next_dist_compiled_react-dom_62262b7e._.js:6022:24)
    at runWithFiberInDEV (http://localhost:4000/_next/static/chunks/e0f71_next_dist_compiled_react-dom_62262b7e._.js:890:74)
    at performUnitOfWork (http://localhost:4000/_next/static/chunks/e0f71_next_dist_compiled_react-dom_62262b7e._.js:8236:97)
    at workLoopConcurrentByScheduler (http://localhost:4000/_next/static/chunks/e0f71_next_dist_compiled_react-dom_62262b7e._.js:8232:58)
    at renderRootConcurrent (http://localhost:4000/_next/static/chunks/e0f71_next_dist_compiled_react-dom_62262b7e._.js:8214:71)
    at performWorkOnRoot (http://localhost:4000/_next/static/chunks/e0f71_next_dist_compiled_react-dom_62262b7e._.js:7846:176)
    at performWorkOnRootViaSchedulerTask (http://localhost:4000/_next/static/chunks/e0f71_next_dist_compiled_react-dom_62262b7e._.js:8820:9)
    at MessagePort.performWorkUntilDeadline (http://localhost:4000/_next/static/chunks/e0f71_next_dist_compiled_722cf5d0._.js:2588:64) @ http://localhost:4000/_next/static/chunks/e0f71_next_dist_6f5a4e1e._.js:2248
[ 2509311ms] [ERROR] IntlError: MISSING_MESSAGE: Could not resolve `Stats.response` in messages for locale `en`.
    at getFallbackFromErrorAndNotify (http://localhost:4000/_next/static/chunks/node_modules__pnpm_0a0e49e7._.js:4202:23)
    at translateBaseFn (http://localhost:4000/_next/static/chunks/node_modules__pnpm_0a0e49e7._.js:4232:28)
    at translateFn (http://localhost:4000/_next/static/chunks/node_modules__pnpm_0a0e49e7._.js:4260:24)
    at Stats (http://localhost:4000/_next/static/chunks/src_acde496b._.js:1230:20)
    at Object.react_stack_bottom_frame (http://localhost:4000/_next/static/chunks/e0f71_next_dist_compiled_react-dom_62262b7e._.js:13014:24)
    at renderWithHooksAgain (http://localhost:4000/_next/static/chunks/e0f71_next_dist_compiled_react-dom_62262b7e._.js:4119:24)
    at renderWithHooks (http://localhost:4000/_next/static/chunks/e0f71_next_dist_compiled_react-dom_62262b7e._.js:4070:28)
    at updateFunctionComponent (http://localhost:4000/_next/static/chunks/e0f71_next_dist_compiled_react-dom_62262b7e._.js:5428:21)
    at beginWork (http://localhost:4000/_next/static/chunks/e0f71_next_dist_compiled_react-dom_62262b7e._.js:6022:24)
    at runWithFiberInDEV (http://localhost:4000/_next/static/chunks/e0f71_next_dist_compiled_react-dom_62262b7e._.js:890:74)
    at performUnitOfWork (http://localhost:4000/_next/static/chunks/e0f71_next_dist_compiled_react-dom_62262b7e._.js:8236:97)
    at workLoopConcurrentByScheduler (http://localhost:4000/_next/static/chunks/e0f71_next_dist_compiled_react-dom_62262b7e._.js:8232:58)
    at renderRootConcurrent (http://localhost:4000/_next/static/chunks/e0f71_next_dist_compiled_react-dom_62262b7e._.js:8214:71)
    at performWorkOnRoot (http://localhost:4000/_next/static/chunks/e0f71_next_dist_compiled_react-dom_62262b7e._.js:7846:176)
    at performWorkOnRootViaSchedulerTask (http://localhost:4000/_next/static/chunks/e0f71_next_dist_compiled_react-dom_62262b7e._.js:8820:9)
    at MessagePort.performWorkUntilDeadline (http://localhost:4000/_next/static/chunks/e0f71_next_dist_compiled_722cf5d0._.js:2588:64) @ http://localhost:4000/_next/static/chunks/e0f71_next_dist_6f5a4e1e._.js:2248
[ 2509311ms] [ERROR] IntlError: MISSING_MESSAGE: Could not resolve `Stats.focus` in messages for locale `en`.
    at getFallbackFromErrorAndNotify (http://localhost:4000/_next/static/chunks/node_modules__pnpm_0a0e49e7._.js:4202:23)
    at translateBaseFn (http://localhost:4000/_next/static/chunks/node_modules__pnpm_0a0e49e7._.js:4232:28)
    at translateFn (http://localhost:4000/_next/static/chunks/node_modules__pnpm_0a0e49e7._.js:4260:24)
    at Stats (http://localhost:4000/_next/static/chunks/src_acde496b._.js:1235:20)
    at Object.react_stack_bottom_frame (http://localhost:4000/_next/static/chunks/e0f71_next_dist_compiled_react-dom_62262b7e._.js:13014:24)
    at renderWithHooksAgain (http://localhost:4000/_next/static/chunks/e0f71_next_dist_compiled_react-dom_62262b7e._.js:4119:24)
    at renderWithHooks (http://localhost:4000/_next/static/chunks/e0f71_next_dist_compiled_react-dom_62262b7e._.js:4070:28)
    at updateFunctionComponent (http://localhost:4000/_next/static/chunks/e0f71_next_dist_compiled_react-dom_62262b7e._.js:5428:21)
    at beginWork (http://localhost:4000/_next/static/chunks/e0f71_next_dist_compiled_react-dom_62262b7e._.js:6022:24)
    at runWithFiberInDEV (http://localhost:4000/_next/static/chunks/e0f71_next_dist_compiled_react-dom_62262b7e._.js:890:74)
    at performUnitOfWork (http://localhost:4000/_next/static/chunks/e0f71_next_dist_compiled_react-dom_62262b7e._.js:8236:97)
    at workLoopConcurrentByScheduler (http://localhost:4000/_next/static/chunks/e0f71_next_dist_compiled_react-dom_62262b7e._.js:8232:58)
    at renderRootConcurrent (http://localhost:4000/_next/static/chunks/e0f71_next_dist_compiled_react-dom_62262b7e._.js:8214:71)
    at performWorkOnRoot (http://localhost:4000/_next/static/chunks/e0f71_next_dist_compiled_react-dom_62262b7e._.js:7846:176)
    at performWorkOnRootViaSchedulerTask (http://localhost:4000/_next/static/chunks/e0f71_next_dist_compiled_react-dom_62262b7e._.js:8820:9)
    at MessagePort.performWorkUntilDeadline (http://localhost:4000/_next/static/chunks/e0f71_next_dist_compiled_722cf5d0._.js:2588:64) @ http://localhost:4000/_next/static/chunks/e0f71_next_dist_6f5a4e1e._.js:2248
[ 2519976ms] [ERROR] IntlError: MISSING_MESSAGE: Could not resolve `Stats.response` in messages for locale `en`.
    at getFallbackFromErrorAndNotify (http://localhost:4000/_next/static/chunks/node_modules__pnpm_0a0e49e7._.js:4202:23)
    at translateBaseFn (http://localhost:4000/_next/static/chunks/node_modules__pnpm_0a0e49e7._.js:4232:28)
    at translateFn (http://localhost:4000/_next/static/chunks/node_modules__pnpm_0a0e49e7._.js:4260:24)
    at Stats (http://localhost:4000/_next/static/chunks/src_acde496b._.js:1230:20)
    at Object.react_stack_bottom_frame (http://localhost:4000/_next/static/chunks/e0f71_next_dist_compiled_react-dom_62262b7e._.js:13014:24)
    at renderWithHooks (http://localhost:4000/_next/static/chunks/e0f71_next_dist_compiled_react-dom_62262b7e._.js:4064:24)
    at updateFunctionComponent (http://localhost:4000/_next/static/chunks/e0f71_next_dist_compiled_react-dom_62262b7e._.js:5428:21)
    at beginWork (http://localhost:4000/_next/static/chunks/e0f71_next_dist_compiled_react-dom_62262b7e._.js:6022:24)
    at runWithFiberInDEV (http://localhost:4000/_next/static/chunks/e0f71_next_dist_compiled_react-dom_62262b7e._.js:890:74)
    at performUnitOfWork (http://localhost:4000/_next/static/chunks/e0f71_next_dist_compiled_react-dom_62262b7e._.js:8236:97)
    at workLoopConcurrentByScheduler (http://localhost:4000/_next/static/chunks/e0f71_next_dist_compiled_react-dom_62262b7e._.js:8232:58)
    at renderRootConcurrent (http://localhost:4000/_next/static/chunks/e0f71_next_dist_compiled_react-dom_62262b7e._.js:8214:71)
    at performWorkOnRoot (http://localhost:4000/_next/static/chunks/e0f71_next_dist_compiled_react-dom_62262b7e._.js:7846:176)
    at performWorkOnRootViaSchedulerTask (http://localhost:4000/_next/static/chunks/e0f71_next_dist_compiled_react-dom_62262b7e._.js:8820:9)
    at MessagePort.performWorkUntilDeadline (http://localhost:4000/_next/static/chunks/e0f71_next_dist_compiled_722cf5d0._.js:2588:64) @ http://localhost:4000/_next/static/chunks/e0f71_next_dist_6f5a4e1e._.js:2248
[ 2519976ms] [ERROR] IntlError: MISSING_MESSAGE: Could not resolve `Stats.focus` in messages for locale `en`.
    at getFallbackFromErrorAndNotify (http://localhost:4000/_next/static/chunks/node_modules__pnpm_0a0e49e7._.js:4202:23)
    at translateBaseFn (http://localhost:4000/_next/static/chunks/node_modules__pnpm_0a0e49e7._.js:4232:28)
    at translateFn (http://localhost:4000/_next/static/chunks/node_modules__pnpm_0a0e49e7._.js:4260:24)
    at Stats (http://localhost:4000/_next/static/chunks/src_acde496b._.js:1235:20)
    at Object.react_stack_bottom_frame (http://localhost:4000/_next/static/chunks/e0f71_next_dist_compiled_react-dom_62262b7e._.js:13014:24)
    at renderWithHooks (http://localhost:4000/_next/static/chunks/e0f71_next_dist_compiled_react-dom_62262b7e._.js:4064:24)
    at updateFunctionComponent (http://localhost:4000/_next/static/chunks/e0f71_next_dist_compiled_react-dom_62262b7e._.js:5428:21)
    at beginWork (http://localhost:4000/_next/static/chunks/e0f71_next_dist_compiled_react-dom_62262b7e._.js:6022:24)
    at runWithFiberInDEV (http://localhost:4000/_next/static/chunks/e0f71_next_dist_compiled_react-dom_62262b7e._.js:890:74)
    at performUnitOfWork (http://localhost:4000/_next/static/chunks/e0f71_next_dist_compiled_react-dom_62262b7e._.js:8236:97)
    at workLoopConcurrentByScheduler (http://localhost:4000/_next/static/chunks/e0f71_next_dist_compiled_react-dom_62262b7e._.js:8232:58)
    at renderRootConcurrent (http://localhost:4000/_next/static/chunks/e0f71_next_dist_compiled_react-dom_62262b7e._.js:8214:71)
    at performWorkOnRoot (http://localhost:4000/_next/static/chunks/e0f71_next_dist_compiled_react-dom_62262b7e._.js:7846:176)
    at performWorkOnRootViaSchedulerTask (http://localhost:4000/_next/static/chunks/e0f71_next_dist_compiled_react-dom_62262b7e._.js:8820:9)
    at MessagePort.performWorkUntilDeadline (http://localhost:4000/_next/static/chunks/e0f71_next_dist_compiled_722cf5d0._.js:2588:64) @ http://localhost:4000/_next/static/chunks/e0f71_next_dist_6f5a4e1e._.js:2248
[ 2519977ms] [ERROR] IntlError: MISSING_MESSAGE: Could not resolve `Stats.response` in messages for locale `en`.
    at getFallbackFromErrorAndNotify (http://localhost:4000/_next/static/chunks/node_modules__pnpm_0a0e49e7._.js:4202:23)
    at translateBaseFn (http://localhost:4000/_next/static/chunks/node_modules__pnpm_0a0e49e7._.js:4232:28)
    at translateFn (http://localhost:4000/_next/static/chunks/node_modules__pnpm_0a0e49e7._.js:4260:24)
    at Stats (http://localhost:4000/_next/static/chunks/src_acde496b._.js:1230:20)
    at Object.react_stack_bottom_frame (http://localhost:4000/_next/static/chunks/e0f71_next_dist_compiled_react-dom_62262b7e._.js:13014:24)
    at renderWithHooksAgain (http://localhost:4000/_next/static/chunks/e0f71_next_dist_compiled_react-dom_62262b7e._.js:4119:24)
    at renderWithHooks (http://localhost:4000/_next/static/chunks/e0f71_next_dist_compiled_react-dom_62262b7e._.js:4070:28)
    at updateFunctionComponent (http://localhost:4000/_next/static/chunks/e0f71_next_dist_compiled_react-dom_62262b7e._.js:5428:21)
    at beginWork (http://localhost:4000/_next/static/chunks/e0f71_next_dist_compiled_react-dom_62262b7e._.js:6022:24)
    at runWithFiberInDEV (http://localhost:4000/_next/static/chunks/e0f71_next_dist_compiled_react-dom_62262b7e._.js:890:74)
    at performUnitOfWork (http://localhost:4000/_next/static/chunks/e0f71_next_dist_compiled_react-dom_62262b7e._.js:8236:97)
    at workLoopConcurrentByScheduler (http://localhost:4000/_next/static/chunks/e0f71_next_dist_compiled_react-dom_62262b7e._.js:8232:58)
    at renderRootConcurrent (http://localhost:4000/_next/static/chunks/e0f71_next_dist_compiled_react-dom_62262b7e._.js:8214:71)
    at performWorkOnRoot (http://localhost:4000/_next/static/chunks/e0f71_next_dist_compiled_react-dom_62262b7e._.js:7846:176)
    at performWorkOnRootViaSchedulerTask (http://localhost:4000/_next/static/chunks/e0f71_next_dist_compiled_react-dom_62262b7e._.js:8820:9)
    at MessagePort.performWorkUntilDeadline (http://localhost:4000/_next/static/chunks/e0f71_next_dist_compiled_722cf5d0._.js:2588:64) @ http://localhost:4000/_next/static/chunks/e0f71_next_dist_6f5a4e1e._.js:2248
[ 2519977ms] [ERROR] IntlError: MISSING_MESSAGE: Could not resolve `Stats.focus` in messages for locale `en`.
    at getFallbackFromErrorAndNotify (http://localhost:4000/_next/static/chunks/node_modules__pnpm_0a0e49e7._.js:4202:23)
    at translateBaseFn (http://localhost:4000/_next/static/chunks/node_modules__pnpm_0a0e49e7._.js:4232:28)
    at translateFn (http://localhost:4000/_next/static/chunks/node_modules__pnpm_0a0e49e7._.js:4260:24)
    at Stats (http://localhost:4000/_next/static/chunks/src_acde496b._.js:1235:20)
    at Object.react_stack_bottom_frame (http://localhost:4000/_next/static/chunks/e0f71_next_dist_compiled_react-dom_62262b7e._.js:13014:24)
    at renderWithHooksAgain (http://localhost:4000/_next/static/chunks/e0f71_next_dist_compiled_react-dom_62262b7e._.js:4119:24)
    at renderWithHooks (http://localhost:4000/_next/static/chunks/e0f71_next_dist_compiled_react-dom_62262b7e._.js:4070:28)
    at updateFunctionComponent (http://localhost:4000/_next/static/chunks/e0f71_next_dist_compiled_react-dom_62262b7e._.js:5428:21)
    at beginWork (http://localhost:4000/_next/static/chunks/e0f71_next_dist_compiled_react-dom_62262b7e._.js:6022:24)
    at runWithFiberInDEV (http://localhost:4000/_next/static/chunks/e0f71_next_dist_compiled_react-dom_62262b7e._.js:890:74)
    at performUnitOfWork (http://localhost:4000/_next/static/chunks/e0f71_next_dist_compiled_react-dom_62262b7e._.js:8236:97)
    at workLoopConcurrentByScheduler (http://localhost:4000/_next/static/chunks/e0f71_next_dist_compiled_react-dom_62262b7e._.js:8232:58)
    at renderRootConcurrent (http://localhost:4000/_next/static/chunks/e0f71_next_dist_compiled_react-dom_62262b7e._.js:8214:71)
    at performWorkOnRoot (http://localhost:4000/_next/static/chunks/e0f71_next_dist_compiled_react-dom_62262b7e._.js:7846:176)
    at performWorkOnRootViaSchedulerTask (http://localhost:4000/_next/static/chunks/e0f71_next_dist_compiled_react-dom_62262b7e._.js:8820:9)
    at MessagePort.performWorkUntilDeadline (http://localhost:4000/_next/static/chunks/e0f71_next_dist_compiled_722cf5d0._.js:2588:64) @ http://localhost:4000/_next/static/chunks/e0f71_next_dist_6f5a4e1e._.js:2248
